[debug] [2025-09-15T09:25:29.825Z] ----------------------------------------------------------------------
[debug] [2025-09-15T09:25:29.827Z] Command:       /home/momodou/.nvm/versions/node/v22.17.1/bin/node /home/momodou/.nvm/versions/node/v22.17.1/bin/firebase deploy --debug
[debug] [2025-09-15T09:25:29.827Z] CLI Version:   14.14.0
[debug] [2025-09-15T09:25:29.827Z] Platform:      linux
[debug] [2025-09-15T09:25:29.827Z] Node Version:  v22.17.1
[debug] [2025-09-15T09:25:29.828Z] Time:          Mon Sep 15 2025 04:25:29 GMT-0500 (Central Daylight Time)
[debug] [2025-09-15T09:25:29.828Z] ----------------------------------------------------------------------
[debug] 
[debug] [2025-09-15T09:25:29.984Z] > command requires scopes: ["email","openid","https://www.googleapis.com/auth/cloudplatformprojects.readonly","https://www.googleapis.com/auth/firebase","https://www.googleapis.com/auth/cloud-platform"]
[debug] [2025-09-15T09:25:29.985Z] > authorizing via signed-in user (support@agileresolve.com)
[debug] [2025-09-15T09:25:29.985Z] [iam] checking project buntubuild for permissions ["firebase.projects.get",null]
[debug] [2025-09-15T09:25:29.986Z] Checked if tokens are valid: true, expires at: 1757929969271
[debug] [2025-09-15T09:25:29.986Z] Checked if tokens are valid: true, expires at: 1757929969271
[debug] [2025-09-15T09:25:29.987Z] >>> [apiv2][query] POST https://cloudresourcemanager.googleapis.com/v1/projects/buntubuild:testIamPermissions [none]
[debug] [2025-09-15T09:25:29.987Z] >>> [apiv2][(partial)header] POST https://cloudresourcemanager.googleapis.com/v1/projects/buntubuild:testIamPermissions x-goog-quota-user=projects/buntubuild
[debug] [2025-09-15T09:25:29.988Z] >>> [apiv2][body] POST https://cloudresourcemanager.googleapis.com/v1/projects/buntubuild:testIamPermissions {"permissions":["firebase.projects.get",null]}
[debug] [2025-09-15T09:25:30.212Z] <<< [apiv2][status] POST https://cloudresourcemanager.googleapis.com/v1/projects/buntubuild:testIamPermissions 200
[debug] [2025-09-15T09:25:30.213Z] <<< [apiv2][body] POST https://cloudresourcemanager.googleapis.com/v1/projects/buntubuild:testIamPermissions {"permissions":["firebase.projects.get"]}
[debug] [2025-09-15T09:25:30.213Z] [iam] error while checking permissions, command may fail: Authorization failed. This account is missing the following required permissions on project buntubuild:

  
[info] 
[info] === Deploying to 'buntubuild'...
[info] 
[info] i  deploying apphosting 
[debug] [2025-09-15T09:25:30.214Z] Checked if tokens are valid: true, expires at: 1757929969271
[debug] [2025-09-15T09:25:30.215Z] Checked if tokens are valid: true, expires at: 1757929969271
[debug] [2025-09-15T09:25:30.215Z] >>> [apiv2][query] POST https://iam.googleapis.com/v1/projects/buntubuild/serviceAccounts/firebase-app-hosting-compute@buntubuild.iam.gserviceaccount.com:testIamPermissions [none]
[debug] [2025-09-15T09:25:30.215Z] >>> [apiv2][(partial)header] POST https://iam.googleapis.com/v1/projects/buntubuild/serviceAccounts/firebase-app-hosting-compute@buntubuild.iam.gserviceaccount.com:testIamPermissions x-goog-quota-user=projects/buntubuild
[debug] [2025-09-15T09:25:30.215Z] >>> [apiv2][body] POST https://iam.googleapis.com/v1/projects/buntubuild/serviceAccounts/firebase-app-hosting-compute@buntubuild.iam.gserviceaccount.com:testIamPermissions {"permissions":["iam.serviceAccounts.actAs"]}
[debug] [2025-09-15T09:25:30.441Z] <<< [apiv2][status] POST https://iam.googleapis.com/v1/projects/buntubuild/serviceAccounts/firebase-app-hosting-compute@buntubuild.iam.gserviceaccount.com:testIamPermissions 200
[debug] [2025-09-15T09:25:30.441Z] <<< [apiv2][body] POST https://iam.googleapis.com/v1/projects/buntubuild/serviceAccounts/firebase-app-hosting-compute@buntubuild.iam.gserviceaccount.com:testIamPermissions {"permissions":["iam.serviceAccounts.actAs"]}
[debug] [2025-09-15T09:25:30.442Z] Checked if tokens are valid: true, expires at: 1757929969271
[debug] [2025-09-15T09:25:30.442Z] Checked if tokens are valid: true, expires at: 1757929969271
[debug] [2025-09-15T09:25:30.442Z] >>> [apiv2][query] POST https://iam.googleapis.com/v1/projects/buntubuild/serviceAccounts [none]
[debug] [2025-09-15T09:25:30.442Z] >>> [apiv2][body] POST https://iam.googleapis.com/v1/projects/buntubuild/serviceAccounts {"accountId":"firebase-app-hosting-compute","serviceAccount":{"displayName":"Firebase App Hosting compute service account","description":"Default service account used to run builds and deploys for Firebase App Hosting"}}
[debug] [2025-09-15T09:25:30.696Z] <<< [apiv2][status] POST https://iam.googleapis.com/v1/projects/buntubuild/serviceAccounts 409
[debug] [2025-09-15T09:25:30.696Z] <<< [apiv2][body] POST https://iam.googleapis.com/v1/projects/buntubuild/serviceAccounts [omitted]
[debug] [2025-09-15T09:25:30.696Z] Checked if tokens are valid: true, expires at: 1757929969271
[debug] [2025-09-15T09:25:30.696Z] Checked if tokens are valid: true, expires at: 1757929969271
[debug] [2025-09-15T09:25:30.697Z] >>> [apiv2][query] POST https://cloudresourcemanager.googleapis.com/v1/projects/buntubuild:getIamPolicy [none]
[debug] [2025-09-15T09:25:30.839Z] <<< [apiv2][status] POST https://cloudresourcemanager.googleapis.com/v1/projects/buntubuild:getIamPolicy 200
[debug] [2025-09-15T09:25:30.839Z] <<< [apiv2][body] POST https://cloudresourcemanager.googleapis.com/v1/projects/buntubuild:getIamPolicy {"version":1,"etag":"BwY+0y6LAYM=","bindings":[{"role":"roles/artifactregistry.serviceAgent","members":["serviceAccount:service-178738631484@gcp-sa-artifactregistry.iam.gserviceaccount.com"]},{"role":"roles/cloudaicompanion.serviceAgent","members":["serviceAccount:service-178738631484@gcp-sa-cloudaicompanion.iam.gserviceaccount.com"]},{"role":"roles/cloudbuild.builds.builder","members":["serviceAccount:178738631484@cloudbuild.gserviceaccount.com"]},{"role":"roles/cloudbuild.serviceAgent","members":["serviceAccount:service-178738631484@gcp-sa-cloudbuild.iam.gserviceaccount.com"]},{"role":"roles/containerregistry.ServiceAgent","members":["serviceAccount:service-178738631484@containerregistry.iam.gserviceaccount.com"]},{"role":"roles/developerconnect.readTokenAccessor","members":["serviceAccount:firebase-app-hosting-compute@buntubuild.iam.gserviceaccount.com"]},{"role":"roles/developerconnect.serviceAgent","members":["serviceAccount:service-178738631484@gcp-sa-devconnect.iam.gserviceaccount.com"]},{"role":"roles/editor","members":["serviceAccount:178738631484-compute@developer.gserviceaccount.com"]},{"role":"roles/firebase.managementServiceAgent","members":["serviceAccount:service-178738631484@gcp-sa-firebase.iam.gserviceaccount.com"]},{"role":"roles/firebase.sdkAdminServiceAgent","members":["serviceAccount:firebase-adminsdk-fbsvc@buntubuild.iam.gserviceaccount.com","serviceAccount:firebase-app-hosting-compute@buntubuild.iam.gserviceaccount.com"]},{"role":"roles/firebaseapphosting.computeRunner","members":["serviceAccount:firebase-app-hosting-compute@buntubuild.iam.gserviceaccount.com"]},{"role":"roles/firebaseapphosting.serviceAgent","members":["serviceAccount:service-178738631484@gcp-sa-firebaseapphosting.iam.gserviceaccount.com"]},{"role":"roles/firebaseauth.admin","members":["serviceAccount:firebase-adminsdk-fbsvc@buntubuild.iam.gserviceaccount.com"]},{"role":"roles/firebaserules.system","members":["serviceAccount:service-178738631484@firebase-rules.iam.gserviceaccount.com"]},{"role":"roles/firestore.serviceAgent","members":["serviceAccount:service-178738631484@gcp-sa-firestore.iam.gserviceaccount.com"]},{"role":"roles/iam.serviceAccountTokenCreator","members":["serviceAccount:firebase-adminsdk-fbsvc@buntubuild.iam.gserviceaccount.com"]},{"role":"roles/owner","members":["user:support@agileresolve.com"]},{"role":"roles/run.serviceAgent","members":["serviceAccount:service-178738631484@serverless-robot-prod.iam.gserviceaccount.com"]},{"role":"roles/secretmanager.admin_withcond_0ecc742359eb9b7230d2","members":["serviceAccount:service-178738631484@gcp-sa-devconnect.iam.gserviceaccount.com"]},{"role":"roles/storage.objectViewer","members":["serviceAccount:firebase-app-hosting-compute@buntubuild.iam.gserviceaccount.com"]}]}
[debug] [2025-09-15T09:25:30.840Z] Checked if tokens are valid: true, expires at: 1757929969271
[debug] [2025-09-15T09:25:30.840Z] Checked if tokens are valid: true, expires at: 1757929969271
[debug] [2025-09-15T09:25:30.840Z] >>> [apiv2][query] POST https://cloudresourcemanager.googleapis.com/v1/projects/buntubuild:setIamPolicy [none]
[debug] [2025-09-15T09:25:30.840Z] >>> [apiv2][body] POST https://cloudresourcemanager.googleapis.com/v1/projects/buntubuild:setIamPolicy {"policy":{"version":1,"etag":"BwY+0y6LAYM=","bindings":[{"role":"roles/artifactregistry.serviceAgent","members":["serviceAccount:service-178738631484@gcp-sa-artifactregistry.iam.gserviceaccount.com"]},{"role":"roles/cloudaicompanion.serviceAgent","members":["serviceAccount:service-178738631484@gcp-sa-cloudaicompanion.iam.gserviceaccount.com"]},{"role":"roles/cloudbuild.builds.builder","members":["serviceAccount:178738631484@cloudbuild.gserviceaccount.com"]},{"role":"roles/cloudbuild.serviceAgent","members":["serviceAccount:service-178738631484@gcp-sa-cloudbuild.iam.gserviceaccount.com"]},{"role":"roles/containerregistry.ServiceAgent","members":["serviceAccount:service-178738631484@containerregistry.iam.gserviceaccount.com"]},{"role":"roles/developerconnect.readTokenAccessor","members":["serviceAccount:firebase-app-hosting-compute@buntubuild.iam.gserviceaccount.com"]},{"role":"roles/developerconnect.serviceAgent","members":["serviceAccount:service-178738631484@gcp-sa-devconnect.iam.gserviceaccount.com"]},{"role":"roles/editor","members":["serviceAccount:178738631484-compute@developer.gserviceaccount.com"]},{"role":"roles/firebase.managementServiceAgent","members":["serviceAccount:service-178738631484@gcp-sa-firebase.iam.gserviceaccount.com"]},{"role":"roles/firebase.sdkAdminServiceAgent","members":["serviceAccount:firebase-adminsdk-fbsvc@buntubuild.iam.gserviceaccount.com","serviceAccount:firebase-app-hosting-compute@buntubuild.iam.gserviceaccount.com"]},{"role":"roles/firebaseapphosting.computeRunner","members":["serviceAccount:firebase-app-hosting-compute@buntubuild.iam.gserviceaccount.com"]},{"role":"roles/firebaseapphosting.serviceAgent","members":["serviceAccount:service-178738631484@gcp-sa-firebaseapphosting.iam.gserviceaccount.com"]},{"role":"roles/firebaseauth.admin","members":["serviceAccount:firebase-adminsdk-fbsvc@buntubuild.iam.gserviceaccount.com"]},{"role":"roles/firebaserules.system","members":["serviceAccount:service-178738631484@firebase-rules.iam.gserviceaccount.com"]},{"role":"roles/firestore.serviceAgent","members":["serviceAccount:service-178738631484@gcp-sa-firestore.iam.gserviceaccount.com"]},{"role":"roles/iam.serviceAccountTokenCreator","members":["serviceAccount:firebase-adminsdk-fbsvc@buntubuild.iam.gserviceaccount.com"]},{"role":"roles/owner","members":["user:support@agileresolve.com"]},{"role":"roles/run.serviceAgent","members":["serviceAccount:service-178738631484@serverless-robot-prod.iam.gserviceaccount.com"]},{"role":"roles/secretmanager.admin_withcond_0ecc742359eb9b7230d2","members":["serviceAccount:service-178738631484@gcp-sa-devconnect.iam.gserviceaccount.com"]},{"role":"roles/storage.objectViewer","members":["serviceAccount:firebase-app-hosting-compute@buntubuild.iam.gserviceaccount.com"]}]},"updateMask":"bindings"}
[debug] [2025-09-15T09:25:31.398Z] <<< [apiv2][status] POST https://cloudresourcemanager.googleapis.com/v1/projects/buntubuild:setIamPolicy 200
[debug] [2025-09-15T09:25:31.398Z] <<< [apiv2][body] POST https://cloudresourcemanager.googleapis.com/v1/projects/buntubuild:setIamPolicy {"version":1,"etag":"BwY+05W7XGw=","bindings":[{"role":"roles/artifactregistry.serviceAgent","members":["serviceAccount:service-178738631484@gcp-sa-artifactregistry.iam.gserviceaccount.com"]},{"role":"roles/cloudaicompanion.serviceAgent","members":["serviceAccount:service-178738631484@gcp-sa-cloudaicompanion.iam.gserviceaccount.com"]},{"role":"roles/cloudbuild.builds.builder","members":["serviceAccount:178738631484@cloudbuild.gserviceaccount.com"]},{"role":"roles/cloudbuild.serviceAgent","members":["serviceAccount:service-178738631484@gcp-sa-cloudbuild.iam.gserviceaccount.com"]},{"role":"roles/containerregistry.ServiceAgent","members":["serviceAccount:service-178738631484@containerregistry.iam.gserviceaccount.com"]},{"role":"roles/developerconnect.readTokenAccessor","members":["serviceAccount:firebase-app-hosting-compute@buntubuild.iam.gserviceaccount.com"]},{"role":"roles/developerconnect.serviceAgent","members":["serviceAccount:service-178738631484@gcp-sa-devconnect.iam.gserviceaccount.com"]},{"role":"roles/editor","members":["serviceAccount:178738631484-compute@developer.gserviceaccount.com"]},{"role":"roles/firebase.managementServiceAgent","members":["serviceAccount:service-178738631484@gcp-sa-firebase.iam.gserviceaccount.com"]},{"role":"roles/firebase.sdkAdminServiceAgent","members":["serviceAccount:firebase-adminsdk-fbsvc@buntubuild.iam.gserviceaccount.com","serviceAccount:firebase-app-hosting-compute@buntubuild.iam.gserviceaccount.com"]},{"role":"roles/firebaseapphosting.computeRunner","members":["serviceAccount:firebase-app-hosting-compute@buntubuild.iam.gserviceaccount.com"]},{"role":"roles/firebaseapphosting.serviceAgent","members":["serviceAccount:service-178738631484@gcp-sa-firebaseapphosting.iam.gserviceaccount.com"]},{"role":"roles/firebaseauth.admin","members":["serviceAccount:firebase-adminsdk-fbsvc@buntubuild.iam.gserviceaccount.com"]},{"role":"roles/firebaserules.system","members":["serviceAccount:service-178738631484@firebase-rules.iam.gserviceaccount.com"]},{"role":"roles/firestore.serviceAgent","members":["serviceAccount:service-178738631484@gcp-sa-firestore.iam.gserviceaccount.com"]},{"role":"roles/iam.serviceAccountTokenCreator","members":["serviceAccount:firebase-adminsdk-fbsvc@buntubuild.iam.gserviceaccount.com"]},{"role":"roles/owner","members":["user:support@agileresolve.com"]},{"role":"roles/run.serviceAgent","members":["serviceAccount:service-178738631484@serverless-robot-prod.iam.gserviceaccount.com"]},{"role":"roles/secretmanager.admin_withcond_0ecc742359eb9b7230d2","members":["serviceAccount:service-178738631484@gcp-sa-devconnect.iam.gserviceaccount.com"]},{"role":"roles/storage.objectViewer","members":["serviceAccount:firebase-app-hosting-compute@buntubuild.iam.gserviceaccount.com"]}]}
[debug] [2025-09-15T09:25:31.399Z] Checked if tokens are valid: true, expires at: 1757929969271
[debug] [2025-09-15T09:25:31.399Z] Checked if tokens are valid: true, expires at: 1757929969271
[debug] [2025-09-15T09:25:31.399Z] >>> [apiv2][query] GET https://firebaseapphosting.googleapis.com/v1beta/projects/buntubuild/locations/-/backends 
[debug] [2025-09-15T09:25:31.894Z] <<< [apiv2][status] GET https://firebaseapphosting.googleapis.com/v1beta/projects/buntubuild/locations/-/backends 200
[debug] [2025-09-15T09:25:31.895Z] <<< [apiv2][body] GET https://firebaseapphosting.googleapis.com/v1beta/projects/buntubuild/locations/-/backends {"backends":[{"name":"projects/buntubuild/locations/us-central1/backends/studio","createTime":"2025-09-07T03:12:34.444872800Z","updateTime":"2025-09-15T09:22:32.140953Z","uri":"studio--buntubuild.us-central1.hosted.app","managedResources":[{"runService":{"service":"projects/178738631484/locations/us-central1/services/studio"}}],"displayName":"Studio","uid":"fcea3dde-f1a2-4cf1-92b8-f6961f5fcd2a","etag":"bzST3TiVjOBgOW7n1q08Wo8i48bqBzlT3cKGSEpD_3A","reconciling":false,"servingLocality":"GLOBAL_ACCESS","serviceAccount":"firebase-app-hosting-compute@buntubuild.iam.gserviceaccount.com","appId":"1:178738631484:web:65bc5215dbb7e08ade8439"}]}
[info] i  apphosting: Found backend(s) studio 
[debug] [2025-09-15T09:25:31.895Z] Checked if tokens are valid: true, expires at: 1757929969271
[debug] [2025-09-15T09:25:31.895Z] Checked if tokens are valid: true, expires at: 1757929969271
[debug] [2025-09-15T09:25:31.895Z] >>> [apiv2][query] GET https://cloudresourcemanager.googleapis.com/v1/projects/buntubuild [none]
[debug] [2025-09-15T09:25:31.984Z] <<< [apiv2][status] GET https://cloudresourcemanager.googleapis.com/v1/projects/buntubuild 200
[debug] [2025-09-15T09:25:31.984Z] <<< [apiv2][body] GET https://cloudresourcemanager.googleapis.com/v1/projects/buntubuild {"projectNumber":"178738631484","projectId":"buntubuild","lifecycleState":"ACTIVE","name":"BuntuBuild","labels":{"monospace-workspace-id":"studio-3449918928","firebase":"enabled","firebase-core":"disabled"},"createTime":"2025-09-07T03:06:31.877629Z","parent":{"type":"organization","id":"82068886939"}}
[debug] [2025-09-15T09:25:31.984Z] Checked if tokens are valid: true, expires at: 1757929969271
[debug] [2025-09-15T09:25:31.984Z] Checked if tokens are valid: true, expires at: 1757929969271
[debug] [2025-09-15T09:25:31.984Z] >>> [apiv2][query] GET https://storage.googleapis.com/storage/v1/b/firebaseapphosting-sources-178738631484-us-central1 [none]
[debug] [2025-09-15T09:25:32.192Z] <<< [apiv2][status] GET https://storage.googleapis.com/storage/v1/b/firebaseapphosting-sources-178738631484-us-central1 200
[debug] [2025-09-15T09:25:32.193Z] <<< [apiv2][body] GET https://storage.googleapis.com/storage/v1/b/firebaseapphosting-sources-178738631484-us-central1 {"kind":"storage#bucket","selfLink":"https://www.googleapis.com/storage/v1/b/firebaseapphosting-sources-178738631484-us-central1","id":"firebaseapphosting-sources-178738631484-us-central1","name":"firebaseapphosting-sources-178738631484-us-central1","projectNumber":"178738631484","generation":"1757926601646756740","metageneration":"1","location":"US-CENTRAL1","storageClass":"STANDARD","etag":"CAE=","timeCreated":"2025-09-15T08:56:41.825Z","updated":"2025-09-15T08:56:41.825Z","lifecycle":{"rule":[{"action":{"type":"Delete"},"condition":{"age":30}}]},"softDeletePolicy":{"retentionDurationSeconds":"604800","effectiveTime":"2025-09-15T08:56:41.825Z"},"iamConfiguration":{"bucketPolicyOnly":{"enabled":false},"uniformBucketLevelAccess":{"enabled":false},"publicAccessPrevention":"inherited"},"locationType":"region","satisfiesPZI":true}
[info] i  apphosting: Uploading source code at /home/momodou/projects/prospects/buntubuild for backend studio... 
[debug] [2025-09-15T09:25:41.536Z] Checked if tokens are valid: true, expires at: 1757929969271
[debug] [2025-09-15T09:25:41.536Z] Checked if tokens are valid: true, expires at: 1757929969271
[debug] [2025-09-15T09:25:41.536Z] >>> [apiv2][query] PUT https://storage.googleapis.com/firebaseapphosting-sources-178738631484-us-central1/studio--3028073-IIJIFMrWBS5N-.zip [none]
[debug] [2025-09-15T09:25:41.537Z] >>> [apiv2][body] PUT https://storage.googleapis.com/firebaseapphosting-sources-178738631484-us-central1/studio--3028073-IIJIFMrWBS5N-.zip [stream]
[debug] [2025-09-15T09:26:46.283Z] <<< [apiv2][status] PUT https://storage.googleapis.com/firebaseapphosting-sources-178738631484-us-central1/studio--3028073-IIJIFMrWBS5N-.zip 400
[debug] [2025-09-15T09:26:46.284Z] <<< [apiv2][body] PUT https://storage.googleapis.com/firebaseapphosting-sources-178738631484-us-central1/studio--3028073-IIJIFMrWBS5N-.zip "<?xml version='1.0' encoding='UTF-8'?><Error><Code>EntityTooLarge</Code><Message>Your proposed upload is larger than the maximum object size specified in your Policy Document.</Message><Details>Content-length exceeds upper bound on range</Details></Error>"
[error] 
[error] Error: Unable to parse JSON: SyntaxError: Unexpected token '<', "<?xml vers"... is not valid JSON
